<?xml version="1.0" encoding="UTF-8"?>
<!-- Generated by org.testng.reporters.JUnitReportReporter -->
<testsuite skipped="0" hostname="DESKTOP-1MB2CQU" name="tests.searchform.SearchFormToTest" tests="1" failures="0" timestamp="20 авг 2024 08:42:29 GMT" time="57.678" errors="0">
  <testcase name="checkIsRedirectToListing" time="57.678" classname="tests.searchform.SearchFormToTest"/>
</testsuite> <!-- tests.searchform.SearchFormToTest -->
